(---------------------------------------------------------------------)
(                                                                     )
(    NC DRILL Log                                                     )
(                                                                     )
(    Drawing          : 08_058924b.brd                                )
(    Software Version : 17.2S055                                      )
(    Date/Time        : Thu Sep 10 08:42:41 2020                      )
(                                                                     )
(---------------------------------------------------------------------)



 Processing NC Parameters file 'nc_param.txt' ...

 NC PARAMETERS
 -------------

 FORMAT   		2.4
 MACHINE-OFFSET		x:0.00000	y:0.00000   (inch)
 FEEDRATE		1
 COORDINATES		ABSOLUTE
 OUTPUT-UNITS		ENGLISH
 TOOL-ORDER		INCREASING
 REPEAT-CODES		YES
 SUPPRESS-LEAD-ZEROES	NO
 SUPPRESS-TRAIL-ZEROES	NO
 SUPPRESS-EQUAL		NO
 TOOL-SELECT		YES
 HEADER			08_058924b
 LEADER			12
 CODE			ASCII
 SEPARATE		NO
 SEPARATE-ROUTING	NO
 OPTIMIZE_DRILLING	NO
 ENHANCED_EXCELLON	NO
 SCALE			1.000000

 WARNING(SPMHMF-360): Design precision is greater than that of the drill output file data.
 WARNING(SPMHMF-361): Data rounding errors are very possible.
 WARNING(SPMHMF-365): This design contains 4 slot holes that cannot be drilled.
 WARNING(SPMHMF-366): They can be processed by NC routing instead.
 WARNING(SPMHMF-368): Cannot find NC Drill tool file 'nc_tools.txt'
 WARNING(SPMHMF-369): ... will auto-generate tool file 'nc_tools_auto.txt'.


     Auto-generating tool file 'nc_tools_auto.txt' ...

           Size  Plating  Tool        + Tolerance  - Tolerance

           8.00  P        T01            0.000000     0.000000
           8.01  P        T02            0.000000     0.000000
          10.00  P        T03            0.000000     0.000000
          10.01  P        T04            0.000000     0.000000
          22.00  N        T05            0.000000     0.000000
          22.01  N        T06            0.000000     0.000000
          24.00  N        T07            0.000000     0.000000
          24.01  N        T08            0.000000     0.000000
          25.00  N        T09            0.000000     0.000000
         125.00  N        T10            0.000000     0.000000


 Drill files being output to directory 'C:/tmp/20_058924b/worklib/02_058924a_top/physical' ...



     'ncdrill-1-6.drl' created for holes connecting TOP and BOTTOM
     -------------------------------------------------------------

     Tool  Num     Size      +/- Tolerance     Plating   Quantity

     T01    1.   8.0000    0.0000/  0.0000      PLATED        300
     T02    2.   8.0100    0.0000/  0.0000      PLATED        163
     T03    3.  10.0000    0.0000/  0.0000      PLATED         80
     T04    4.  10.0100    0.0000/  0.0000      PLATED         52
     T09    5.  25.0000    0.0000/  0.0000  NON_PLATED         96
     T10    6. 125.0000    0.0000/  0.0000  NON_PLATED          4

     ---- Total holes:                                        695

     ---- Total head travel:              11.47 feet (3.50 meters)

